fileLogger Init:{"filename":"/tmp/logs/i-cscf.app.log","append":true,"maxlines":1000000,"maxsize":1,"daily":true,"maxdays":-1,"level":"INFO","permit":"0660","LogLevel":0}
logger Init <file> err:open /tmp/logs/i-cscf.app.log: no such file or directory, file output ignore!
[1;36m2022-05-26 14:08:46 [INFO] [/entity/i-cscf/main.go:51] 配置文件读取成功 [0m
fileLogger Init:{"filename":"/tmp/logs/hss.app.log","append":true,"maxlines":1000000,"maxsize":1,"daily":true,"maxdays":-1,"level":"INFO","permit":"0660","LogLevel":0}
logger Init <file> err:open /tmp/logs/hss.app.log: no such file or directory, file output ignore!
fileLogger Init:{"filename":"/tmp/logs/p-cscf.app.log","append":true,"maxlines":1000000,"maxsize":1,"daily":true,"maxdays":-1,"level":"INFO","permit":"0660","LogLevel":0}
logger Init <file> err:open /tmp/logs/p-cscf.app.log: no such file or directory, file output ignore!
[1;36m2022-05-26 14:08:46 [INFO] [/entity/p-cscf/main.go:51] 配置文件读取成功 [0m
[1;36m2022-05-26 14:08:46 [INFO] [/modules/transaport.go:18] 服务监听启动成功 127.0.0.1:54322[0m
[1;36m2022-05-26 14:08:46 [INFO] [/modules/transaport.go:23] 服务器启动成功[127.0.0.1:54322][0m
fileLogger Init:{"filename":"/tmp/logs/s-cscf.app.log","append":true,"maxlines":1000000,"maxsize":1,"daily":true,"maxdays":-1,"level":"INFO","permit":"0660","LogLevel":0}
logger Init <file> err:open /tmp/logs/s-cscf.app.log: no such file or directory, file output ignore!
[1;36m2022-05-26 14:08:46 [INFO] [/entity/s-cscf/main.go:52] 配置文件读取成功 [0m
fileLogger Init:{"filename":"/tmp/logs/pgw.app.log","append":true,"maxlines":1000000,"maxsize":1,"daily":true,"maxdays":-1,"level":"INFO","permit":"0660","LogLevel":0}
logger Init <file> err:open /tmp/logs/pgw.app.log: no such file or directory, file output ignore!
[1;36m2022-05-26 14:08:46 [INFO] [/entity/pgw/main.go:52] 配置文件读取成功 [0m
[1;36m2022-05-26 14:08:46 [INFO] [/modules/transaport.go:18] 服务监听启动成功 127.0.0.1:54321[0m
[1;36m2022-05-26 14:08:46 [INFO] [/modules/transaport.go:23] 服务器启动成功[127.0.0.1:54321][0m
[1;36m2022-05-26 14:08:46 [INFO] [/modules/transaport.go:18] 服务监听启动成功 127.0.0.1:6666[0m
[1;36m2022-05-26 14:08:46 [INFO] [/modules/transaport.go:23] 服务器启动成功[127.0.0.1:6666][0m
[1;36m2022-05-26 14:08:46 [INFO] [/modules/transaport.go:18] 服务监听启动成功 127.0.0.1:54323[0m
[1;36m2022-05-26 14:08:46 [INFO] [/modules/transaport.go:23] 服务器启动成功[127.0.0.1:54323][0m
[1;36m2022-05-26 14:08:46 [INFO] [/modules/transaport.go:18] 服务监听启动成功 45.195.8.180:12348[0m
[1;36m2022-05-26 14:08:46 [INFO] [/modules/transaport.go:23] 服务器启动成功[45.195.8.180:12348][0m
fileLogger Init:{"filename":"/tmp/logs/i-cscf.app.log","append":true,"maxlines":1000000,"maxsize":1,"daily":true,"maxdays":-1,"level":"INFO","permit":"0660","LogLevel":0}
logger Init <file> err:open /tmp/logs/i-cscf.app.log: no such file or directory, file output ignore!
[1;36m2022-05-26 14:09:00 [INFO] [/entity/i-cscf/main.go:51] 配置文件读取成功 [0m
fileLogger Init:{"filename":"/tmp/logs/p-cscf.app.log","append":true,"maxlines":1000000,"maxsize":1,"daily":true,"maxdays":-1,"level":"INFO","permit":"0660","LogLevel":0}
logger Init <file> err:open /tmp/logs/p-cscf.app.log: no such file or directory, file output ignore!
[1;36m2022-05-26 14:09:00 [INFO] [/entity/p-cscf/main.go:51] 配置文件读取成功 [0m
fileLogger Init:{"filename":"/tmp/logs/hss.app.log","append":true,"maxlines":1000000,"maxsize":1,"daily":true,"maxdays":-1,"level":"INFO","permit":"0660","LogLevel":0}
logger Init <file> err:open /tmp/logs/hss.app.log: no such file or directory, file output ignore!
fileLogger Init:{"filename":"/tmp/logs/pgw.app.log","append":true,"maxlines":1000000,"maxsize":1,"daily":true,"maxdays":-1,"level":"INFO","permit":"0660","LogLevel":0}
logger Init <file> err:open /tmp/logs/pgw.app.log: no such file or directory, file output ignore!
[1;36m2022-05-26 14:09:00 [INFO] [/entity/pgw/main.go:52] 配置文件读取成功 [0m
fileLogger Init:{"filename":"/tmp/logs/s-cscf.app.log","append":true,"maxlines":1000000,"maxsize":1,"daily":true,"maxdays":-1,"level":"INFO","permit":"0660","LogLevel":0}
logger Init <file> err:open /tmp/logs/s-cscf.app.log: no such file or directory, file output ignore!
[1;36m2022-05-26 14:09:00 [INFO] [/entity/s-cscf/main.go:52] 配置文件读取成功 [0m
[1;36m2022-05-26 14:09:00 [INFO] [/modules/transaport.go:18] 服务监听启动成功 127.0.0.1:44322[0m
[1;36m2022-05-26 14:09:00 [INFO] [/modules/transaport.go:23] 服务器启动成功[127.0.0.1:44322][0m
[1;36m2022-05-26 14:09:00 [INFO] [/modules/transaport.go:18] 服务监听启动成功 127.0.0.1:44321[0m
[1;36m2022-05-26 14:09:00 [INFO] [/modules/transaport.go:23] 服务器启动成功[127.0.0.1:44321][0m
[1;36m2022-05-26 14:09:00 [INFO] [/modules/transaport.go:18] 服务监听启动成功 45.195.8.180:12347[0m
[1;36m2022-05-26 14:09:00 [INFO] [/modules/transaport.go:23] 服务器启动成功[45.195.8.180:12347][0m
[1;36m2022-05-26 14:09:00 [INFO] [/modules/transaport.go:18] 服务监听启动成功 127.0.0.1:7777[0m
[1;36m2022-05-26 14:09:00 [INFO] [/modules/transaport.go:23] 服务器启动成功[127.0.0.1:7777][0m
[1;36m2022-05-26 14:09:00 [INFO] [/modules/transaport.go:18] 服务监听启动成功 127.0.0.1:44323[0m
[1;36m2022-05-26 14:09:00 [INFO] [/modules/transaport.go:23] 服务器启动成功[127.0.0.1:44323][0m
[1;36m2022-05-26 14:09:01 [INFO] [/controller/pgw.go:69] 心跳addr:100231511300032[0m
[1;36m2022-05-26 14:09:11 [INFO] [/controller/pgw.go:69] 心跳addr:100231511300032[0m
[1;36m2022-05-26 14:09:21 [INFO] [/controller/pgw.go:69] 心跳addr:100231511300032[0m
[1;36m2022-05-26 14:09:31 [INFO] [/controller/pgw.go:69] 心跳addr:100231511300032[0m
[1;36m2022-05-26 14:09:41 [INFO] [/controller/pgw.go:69] 心跳addr:100231511300032[0m
[1;36m2022-05-26 14:09:51 [INFO] [/controller/pgw.go:69] 心跳addr:100231511300032[0m
[1;36m2022-05-26 14:10:01 [INFO] [/controller/pgw.go:69] 心跳addr:100231511300032[0m
[1;36m2022-05-26 14:10:11 [INFO] [/controller/pgw.go:69] 心跳addr:100231511300032[0m
[1;36m2022-05-26 14:10:18 [INFO] [/controller/pgw.go:69] 心跳addr:100231511300031[0m
[1;36m2022-05-26 14:10:21 [INFO] [/controller/pgw.go:69] 心跳addr:100231511300032[0m
[1;36m2022-05-26 14:10:27 [INFO] [/controller/pgw.go:69] 心跳addr:100231511300031[0m
[1;36m2022-05-26 14:10:31 [INFO] [/controller/pgw.go:69] 心跳addr:100231511300032[0m
[1;36m2022-05-26 14:10:37 [INFO] [/controller/pgw.go:69] 心跳addr:100231511300031[0m
[1;36m2022-05-26 14:10:39 [INFO] [/controller/pgw.go:92] [PGW] Receive From MME(ENB): 
UTRAN-CELL-ID-3GPP=100231511300031
[0m
[1;36m2022-05-26 14:10:39 [INFO] [/controller/pgw.go:118] 接入点 100231511300031[0m
[1;36m2022-05-26 14:10:39 [INFO] [/controller/pgw.go:121] addr:100231511300031 14.108.190.88:35036 14.108.190.88:35036[0m
[1;36m2022-05-26 14:10:39 [INFO] [/controller/pgw.go:129] [PGW] Receive From eNodeB: 
REGISTER sip:15076329742@hebeiyidong.3gpp.net SIP/2.0
Via: SIP/2.0/UDP 15076329742@hebeiyidong.3gpp.net;branch=9121c520-dcba-11ec-9b22-913349e3f91e
Content-Length: 0
To: jiqimao <sip:jiqimao@hebeiyidong.3gpp.net>
From: jiqimao <sip:15076329742@hebeiyidong.3gpp.net>;branch=9121ec30-dcba-11ec-9b22-913349e3f91e
Call-ID: 91bb4600-dcba-11ec-9b22-913349e3f91e
CSeq: 2 REGISTER
P-Access-Network-Info: 100231511300031

[0m
[1;36m2022-05-26 14:10:39 [INFO] [/controller/pcscf.go:69] [P-CSCF] Receive From PGW: 
REGISTER sip:15076329742@hebeiyidong.3gpp.net SIP/2.0
Via: SIP/2.0/UDP 15076329742@hebeiyidong.3gpp.net;branch=9121c520-dcba-11ec-9b22-913349e3f91e
Content-Length: 0
To: jiqimao <sip:jiqimao@hebeiyidong.3gpp.net>
From: jiqimao <sip:15076329742@hebeiyidong.3gpp.net>;branch=9121ec30-dcba-11ec-9b22-913349e3f91e
Call-ID: 91bb4600-dcba-11ec-9b22-913349e3f91e
CSeq: 2 REGISTER
P-Access-Network-Info: 100231511300031

[0m
[1;36m2022-05-26 14:10:39 [INFO] [/controller/icscf.go:82] [I-CSCF] Receive From P-CSCF: 
REGISTER sip:15076329742@hebeiyidong.3gpp.net SIP/2.0
Via: SIP/2.0/UDP p-cscf.hebeiyidong.3gpp.net:54321;branch=9121c520-dcba-11ec-9b22-913349e3f91e
Via: SIP/2.0/UDP 15076329742@hebeiyidong.3gpp.net;branch=9121c520-dcba-11ec-9b22-913349e3f91e
Max-Forwards: 0
From: "jiqimao"<sip:15076329742@hebeiyidong.3gpp.net>;branch=9121ec30-dcba-11ec-9b22-913349e3f91e
To: "jiqimao"<sip:jiqimao@hebeiyidong.3gpp.net>
Call-ID: 91bb4600-dcba-11ec-9b22-913349e3f91e
CSeq: 2 REGISTER
Content-Length: 0
Authorization: Digest username=15076329742@hebeiyidong.3gpp.net integrity protection:no
P-Access-Network-Info: 100231511300031

[0m
[1;36m2022-05-26 14:10:39 [INFO] [/controller/hss.go:66] [HSS] Receive From I-CSCF: 
UserName=15076329742[0m
[1;36m2022-05-26 14:10:39 [INFO] [/controller/icscf.go:137] [I-CSCF] Receive From HSS: 
UserName=15076329742
S-CSCF=127.0.0.1:54323[0m
[1;36m2022-05-26 14:10:39 [INFO] [/controller/scscf.go:81] [S-CSCF] Receive From I-CSCF: 
REGISTER sip:15076329742@hebeiyidong.3gpp.net SIP/2.0
Via: SIP/2.0/UDP i-cscf.hebeiyidong.3gpp.net:54322;branch=9121c520-dcba-11ec-9b22-913349e3f91e
Via: SIP/2.0/UDP p-cscf.hebeiyidong.3gpp.net:54321;branch=9121c520-dcba-11ec-9b22-913349e3f91e
Via: SIP/2.0/UDP 15076329742@hebeiyidong.3gpp.net;branch=9121c520-dcba-11ec-9b22-913349e3f91e
Max-Forwards: 0
From: "jiqimao"<sip:15076329742@hebeiyidong.3gpp.net>;branch=9121ec30-dcba-11ec-9b22-913349e3f91e
To: "jiqimao"<sip:jiqimao@hebeiyidong.3gpp.net>
Call-ID: 91bb4600-dcba-11ec-9b22-913349e3f91e
CSeq: 2 REGISTER
Content-Length: 0
Authorization: Digest username=15076329742@hebeiyidong.3gpp.net integrity protection:no
P-Access-Network-Info: 100231511300031

[0m
[1;36m2022-05-26 14:10:39 [INFO] [/controller/hss.go:94] [HSS] Receive From S-CSCF: 
UserName=15076329742[0m
2022/05/26 14:10:39 RootK=123456789A123456789A123456789ABC, Opc=123456789A123456789A123456789ABC, AMF=0x00 0x00, SQN=0000000000000001, RAND=3973066b6f2329204d043c7e096a6f26, MAC=3be9077733869519, XRES=fbccac4b2fe702d3, CK=c5b19a90594f, IK=b1d86eaa8a6f7dc3bd52e714945cfd42, AK=d4711b66565ba8d50aafc3f87702c6a7, SQN^AK=[0 0 197 177 154 144 89 78]
[1;36m2022-05-26 14:10:39 [INFO] [/controller/scscf.go:217] [S-CSCF] Receive From HSS: 
RAND=3973066b6f2329204d043c7e096a6f26
CK=b1d86eaa8a6f7dc3bd52e714945cfd42
IK=d4711b66565ba8d50aafc3f87702c6a7
UserName=15076329742
AUTN=0000c5b19a90594e00003be9077733869519
XRES=fbccac4b2fe702d3[0m
[1;33m2022-05-26 14:10:39 [WARN] [/sip/via_list.go:74] via: SIP/2.0/UDP i-cscf.hebeiyidong.3gpp.net:54322;branch=9121c520-dcba-11ec-9b22-913349e3f91e, firt: i-cscf.hebeiyidong.3gpp.net:54322, server: s-cscf.hebeiyidong.3gpp.net:54323[0m
[1;36m2022-05-26 14:10:39 [INFO] [/controller/scscf.go:261] [S-CSCF] MAA响应: SIP/2.0 401 Unauthorized
Via: SIP/2.0/UDP i-cscf.hebeiyidong.3gpp.net:54322;branch=9121c520-dcba-11ec-9b22-913349e3f91e
Via: SIP/2.0/UDP p-cscf.hebeiyidong.3gpp.net:54321;branch=9121c520-dcba-11ec-9b22-913349e3f91e
Via: SIP/2.0/UDP 15076329742@hebeiyidong.3gpp.net;branch=9121c520-dcba-11ec-9b22-913349e3f91e
Max-Forwards: 0
From: "jiqimao"<sip:15076329742@hebeiyidong.3gpp.net>;branch=9121ec30-dcba-11ec-9b22-913349e3f91e
To: "jiqimao"<sip:jiqimao@hebeiyidong.3gpp.net>
Call-ID: 91bb4600-dcba-11ec-9b22-913349e3f91e
CSeq: 2 REGISTER
Content-Length: 0
WWW-Authenticate: Digest realm=hebeiyidomg.3gpp.net nonce=OXMGa28jKSBNBDx+CWpvJgAAxbGakFlOAAA76Qd3M4aVGQ== qop=auth-int algorithm=AKAv1-MD5
P-Access-Network-Info: 100231511300031

[0m
[1;33m2022-05-26 14:10:39 [WARN] [/sip/via_list.go:74] via: SIP/2.0/UDP i-cscf.hebeiyidong.3gpp.net:54322;branch=9121c520-dcba-11ec-9b22-913349e3f91e, firt: i-cscf.hebeiyidong.3gpp.net:54322, server: p-cscf.hebeiyidong.3gpp.net:54321[0m
[1;36m2022-05-26 14:10:39 [INFO] [/controller/pcscf.go:138] [P-CSCF][p-cscf.hebeiyidong.3gpp.net] Receive From SCSCF: 
SIP/2.0 401 Unauthorized
Via: SIP/2.0/UDP i-cscf.hebeiyidong.3gpp.net:54322;branch=9121c520-dcba-11ec-9b22-913349e3f91e
Via: SIP/2.0/UDP p-cscf.hebeiyidong.3gpp.net:54321;branch=9121c520-dcba-11ec-9b22-913349e3f91e
Via: SIP/2.0/UDP 15076329742@hebeiyidong.3gpp.net;branch=9121c520-dcba-11ec-9b22-913349e3f91e
Max-Forwards: 0
From: "jiqimao"<sip:15076329742@hebeiyidong.3gpp.net>;branch=9121ec30-dcba-11ec-9b22-913349e3f91e
To: "jiqimao"<sip:jiqimao@hebeiyidong.3gpp.net>
Call-ID: 91bb4600-dcba-11ec-9b22-913349e3f91e
CSeq: 2 REGISTER
Content-Length: 0
WWW-Authenticate: Digest realm=hebeiyidomg.3gpp.net nonce=OXMGa28jKSBNBDx+CWpvJgAAxbGakFlOAAA76Qd3M4aVGQ== qop=auth-int algorithm=AKAv1-MD5
P-Access-Network-Info: 100231511300031

[0m
[1;36m2022-05-26 14:10:39 [INFO] [/controller/pgw.go:145] 接入点 100231511300031[0m
[1;36m2022-05-26 14:10:39 [INFO] [/controller/pgw.go:150] [PGW] Receive From P-CSCF: 
SIP/2.0 401 Unauthorized
Via: SIP/2.0/UDP i-cscf.hebeiyidong.3gpp.net:54322;branch=9121c520-dcba-11ec-9b22-913349e3f91e
Via: SIP/2.0/UDP p-cscf.hebeiyidong.3gpp.net:54321;branch=9121c520-dcba-11ec-9b22-913349e3f91e
Via: SIP/2.0/UDP 15076329742@hebeiyidong.3gpp.net;branch=9121c520-dcba-11ec-9b22-913349e3f91e
Max-Forwards: 0
From: "jiqimao"<sip:15076329742@hebeiyidong.3gpp.net>;branch=9121ec30-dcba-11ec-9b22-913349e3f91e
To: "jiqimao"<sip:jiqimao@hebeiyidong.3gpp.net>
Call-ID: 91bb4600-dcba-11ec-9b22-913349e3f91e
CSeq: 2 REGISTER
Content-Length: 0
WWW-Authenticate: Digest realm=hebeiyidomg.3gpp.net nonce=OXMGa28jKSBNBDx+CWpvJgAAxbGakFlOAAA76Qd3M4aVGQ== qop=auth-int algorithm=AKAv1-MD5
P-Access-Network-Info: 100231511300031

[0m
[1;36m2022-05-26 14:10:39 [INFO] [/controller/pgw.go:118] 接入点 100231511300031[0m
[1;36m2022-05-26 14:10:39 [INFO] [/controller/pgw.go:121] addr:100231511300031 14.108.190.88:35036 14.108.190.88:35036[0m
[1;36m2022-05-26 14:10:39 [INFO] [/controller/pgw.go:129] [PGW] Receive From eNodeB: 
REGISTER sip:15076329742@hebeiyidong.3gpp.net SIP/2.0
Via: SIP/2.0/UDP 15076329742@hebeiyidong.3gpp.net;branch=9121c520-dcba-11ec-9b22-913349e3f91e
Content-Length: 0
To: jiqimao <sip:jiqimao@hebeiyidong.3gpp.net>
From: jiqimao <sip:15076329742@hebeiyidong.3gpp.net>;branch=9121ec30-dcba-11ec-9b22-913349e3f91e
Call-ID: 91cfdf70-dcba-11ec-9b22-913349e3f91e
CSeq: 3 REGISTER
P-Access-Network-Info: 100231511300031
Method: REGISTER
Authorization: Digest username=ng40user11,realm=apn.sip.voice.ng4t.com,nonce=OXMGa28jKSBNBDx+CWpvJgAAxbGakFlOAAA76Qd3M4aVGQ==,uri=sip:apn.sip.voice.ng4t.com,qop=auth-int,response=+8ysSy/nAtM=,algorithm=AKAv1-MD5

[0m
[1;36m2022-05-26 14:10:39 [INFO] [/controller/pcscf.go:69] [P-CSCF] Receive From PGW: 
REGISTER sip:15076329742@hebeiyidong.3gpp.net SIP/2.0
Via: SIP/2.0/UDP 15076329742@hebeiyidong.3gpp.net;branch=9121c520-dcba-11ec-9b22-913349e3f91e
Content-Length: 0
To: jiqimao <sip:jiqimao@hebeiyidong.3gpp.net>
From: jiqimao <sip:15076329742@hebeiyidong.3gpp.net>;branch=9121ec30-dcba-11ec-9b22-913349e3f91e
Call-ID: 91cfdf70-dcba-11ec-9b22-913349e3f91e
CSeq: 3 REGISTER
P-Access-Network-Info: 100231511300031
Method: REGISTER
Authorization: Digest username=ng40user11,realm=apn.sip.voice.ng4t.com,nonce=OXMGa28jKSBNBDx+CWpvJgAAxbGakFlOAAA76Qd3M4aVGQ==,uri=sip:apn.sip.voice.ng4t.com,qop=auth-int,response=+8ysSy/nAtM=,algorithm=AKAv1-MD5

[0m
[1;36m2022-05-26 14:10:39 [INFO] [/controller/icscf.go:82] [I-CSCF] Receive From P-CSCF: 
REGISTER sip:15076329742@hebeiyidong.3gpp.net SIP/2.0
Via: SIP/2.0/UDP p-cscf.hebeiyidong.3gpp.net:54321;branch=9121c520-dcba-11ec-9b22-913349e3f91e
Via: SIP/2.0/UDP 15076329742@hebeiyidong.3gpp.net;branch=9121c520-dcba-11ec-9b22-913349e3f91e
Max-Forwards: 0
From: "jiqimao"<sip:15076329742@hebeiyidong.3gpp.net>;branch=9121ec30-dcba-11ec-9b22-913349e3f91e
To: "jiqimao"<sip:jiqimao@hebeiyidong.3gpp.net>
Call-ID: 91cfdf70-dcba-11ec-9b22-913349e3f91e
CSeq: 3 REGISTER
Content-Length: 0
Authorization: Digest username=ng40user11,realm=apn.sip.voice.ng4t.com,nonce=OXMGa28jKSBNBDx+CWpvJgAAxbGakFlOAAA76Qd3M4aVGQ==,uri=sip:apn.sip.voice.ng4t.com,qop=auth-int,response=+8ysSy/nAtM=,algorithm=AKAv1-MD5
P-Access-Network-Info: 100231511300031
Method: REGISTER

[0m
[1;36m2022-05-26 14:10:39 [INFO] [/controller/hss.go:66] [HSS] Receive From I-CSCF: 
UserName=15076329742[0m
[1;36m2022-05-26 14:10:39 [INFO] [/controller/icscf.go:137] [I-CSCF] Receive From HSS: 
S-CSCF=127.0.0.1:54323
UserName=15076329742[0m
[1;36m2022-05-26 14:10:39 [INFO] [/controller/scscf.go:81] [S-CSCF] Receive From I-CSCF: 
REGISTER sip:15076329742@hebeiyidong.3gpp.net SIP/2.0
Via: SIP/2.0/UDP i-cscf.hebeiyidong.3gpp.net:54322;branch=9121c520-dcba-11ec-9b22-913349e3f91e
Via: SIP/2.0/UDP p-cscf.hebeiyidong.3gpp.net:54321;branch=9121c520-dcba-11ec-9b22-913349e3f91e
Via: SIP/2.0/UDP 15076329742@hebeiyidong.3gpp.net;branch=9121c520-dcba-11ec-9b22-913349e3f91e
Max-Forwards: 0
From: "jiqimao"<sip:15076329742@hebeiyidong.3gpp.net>;branch=9121ec30-dcba-11ec-9b22-913349e3f91e
To: "jiqimao"<sip:jiqimao@hebeiyidong.3gpp.net>
Call-ID: 91cfdf70-dcba-11ec-9b22-913349e3f91e
CSeq: 3 REGISTER
Content-Length: 0
Authorization: Digest username=ng40user11,realm=apn.sip.voice.ng4t.com,nonce=OXMGa28jKSBNBDx+CWpvJgAAxbGakFlOAAA76Qd3M4aVGQ==,uri=sip:apn.sip.voice.ng4t.com,qop=auth-int,response=+8ysSy/nAtM=,algorithm=AKAv1-MD5
P-Access-Network-Info: 100231511300031
Method: REGISTER

[0m
[1;33m2022-05-26 14:10:39 [WARN] [/controller/scscf.go:268] Authorization := username=ng40user11,realm=apn.sip.voice.ng4t.com,nonce=OXMGa28jKSBNBDx+CWpvJgAAxbGakFlOAAA76Qd3M4aVGQ==,uri=sip:apn.sip.voice.ng4t.com,qop=auth-int,response=+8ysSy/nAtM=,algorithm=AKAv1-MD5[0m
[1;33m2022-05-26 14:10:39 [WARN] [/controller/scscf.go:103] [S-CSCF] XRES: fbccac4b2fe702d3, RES: fbccac4b2fe702d3(byte: fbccac4b2fe702d3)[0m
[1;36m2022-05-26 14:10:39 [INFO] [/controller/scscf.go:112] [S-CSCF] s-cscf.hebeiyidong.3gpp.net:54323注册成功, &{hebeiyidong.3gpp.net 100231511300031}[0m
[1;33m2022-05-26 14:10:39 [WARN] [/sip/via_list.go:74] via: SIP/2.0/UDP i-cscf.hebeiyidong.3gpp.net:54322;branch=9121c520-dcba-11ec-9b22-913349e3f91e, firt: i-cscf.hebeiyidong.3gpp.net:54322, server: i-cscf.hebeiyidong.3gpp.net:54322[0m
[1;36m2022-05-26 14:10:39 [INFO] [/controller/icscf.go:126] [I-CSCF][i-cscf.hebeiyidong.3gpp.net] Receive From SCSCF: 
SIP/2.0 200 OK
Via: SIP/2.0/UDP i-cscf.hebeiyidong.3gpp.net:54322;branch=9121c520-dcba-11ec-9b22-913349e3f91e
Via: SIP/2.0/UDP p-cscf.hebeiyidong.3gpp.net:54321;branch=9121c520-dcba-11ec-9b22-913349e3f91e
Via: SIP/2.0/UDP 15076329742@hebeiyidong.3gpp.net;branch=9121c520-dcba-11ec-9b22-913349e3f91e
Max-Forwards: 0
From: "jiqimao"<sip:15076329742@hebeiyidong.3gpp.net>;branch=9121ec30-dcba-11ec-9b22-913349e3f91e
To: "jiqimao"<sip:jiqimao@hebeiyidong.3gpp.net>
Call-ID: 91cfdf70-dcba-11ec-9b22-913349e3f91e
CSeq: 3 REGISTER
Content-Length: 0
P-Access-Network-Info: 100231511300031
Service-Route: 10.0.1.23:5055

[0m
[1;33m2022-05-26 14:10:39 [WARN] [/sip/via_list.go:74] via: SIP/2.0/UDP p-cscf.hebeiyidong.3gpp.net:54321;branch=9121c520-dcba-11ec-9b22-913349e3f91e, firt: p-cscf.hebeiyidong.3gpp.net:54321, server: p-cscf.hebeiyidong.3gpp.net:54321[0m
[1;36m2022-05-26 14:10:39 [INFO] [/controller/pcscf.go:138] [P-CSCF][p-cscf.hebeiyidong.3gpp.net] Receive From SCSCF: 
SIP/2.0 200 OK
Via: SIP/2.0/UDP p-cscf.hebeiyidong.3gpp.net:54321;branch=9121c520-dcba-11ec-9b22-913349e3f91e
Via: SIP/2.0/UDP 15076329742@hebeiyidong.3gpp.net;branch=9121c520-dcba-11ec-9b22-913349e3f91e
Max-Forwards: 0
From: "jiqimao"<sip:15076329742@hebeiyidong.3gpp.net>;branch=9121ec30-dcba-11ec-9b22-913349e3f91e
To: "jiqimao"<sip:jiqimao@hebeiyidong.3gpp.net>
Call-ID: 91cfdf70-dcba-11ec-9b22-913349e3f91e
CSeq: 3 REGISTER
Content-Length: 0
P-Access-Network-Info: 100231511300031
Service-Route: 10.0.1.23:5055

[0m
[1;36m2022-05-26 14:10:39 [INFO] [/controller/pgw.go:145] 接入点 100231511300031[0m
[1;36m2022-05-26 14:10:39 [INFO] [/controller/pgw.go:150] [PGW] Receive From P-CSCF: 
SIP/2.0 200 OK
Via: SIP/2.0/UDP 15076329742@hebeiyidong.3gpp.net;branch=9121c520-dcba-11ec-9b22-913349e3f91e
Max-Forwards: 0
From: "jiqimao"<sip:15076329742@hebeiyidong.3gpp.net>;branch=9121ec30-dcba-11ec-9b22-913349e3f91e
To: "jiqimao"<sip:jiqimao@hebeiyidong.3gpp.net>
Call-ID: 91cfdf70-dcba-11ec-9b22-913349e3f91e
CSeq: 3 REGISTER
Content-Length: 0
P-Access-Network-Info: 100231511300031
Service-Route: 10.0.1.23:5055

[0m
[1;36m2022-05-26 14:10:41 [INFO] [/controller/pgw.go:69] 心跳addr:100231511300032[0m
[1;36m2022-05-26 14:10:48 [INFO] [/controller/pgw.go:69] 心跳addr:100231511300031[0m
[1;36m2022-05-26 14:10:51 [INFO] [/controller/pgw.go:69] 心跳addr:100231511300032[0m
[1;36m2022-05-26 14:10:56 [INFO] [/controller/pgw.go:69] 心跳addr:100231511300032[0m
[1;36m2022-05-26 14:10:57 [INFO] [/controller/pgw.go:69] 心跳addr:100231511300031[0m
[1;36m2022-05-26 14:11:06 [INFO] [/controller/pgw.go:69] 心跳addr:100231511300032[0m
[1;36m2022-05-26 14:11:07 [INFO] [/controller/pgw.go:69] 心跳addr:100231511300031[0m
[1;36m2022-05-26 14:11:16 [INFO] [/controller/pgw.go:69] 心跳addr:100231511300032[0m
[1;36m2022-05-26 14:11:17 [INFO] [/controller/pgw.go:92] [PGW] Receive From MME(ENB): 
UTRAN-CELL-ID-3GPP=100231511300032
[0m
[1;36m2022-05-26 14:11:17 [INFO] [/controller/pgw.go:118] 接入点 100231511300032[0m
[1;36m2022-05-26 14:11:17 [INFO] [/controller/pgw.go:121] addr:100231511300032 125.86.165.112:4476 125.86.165.112:4476[0m
[1;36m2022-05-26 14:11:17 [INFO] [/controller/pgw.go:129] [PGW] Receive From eNodeB: 
REGISTER sip:18996193430@chongqingdianxin.3gpp.net SIP/2.0
Via: SIP/2.0/UDP 18996193430@chongqingdianxin.3gpp.net;branch=a4787bf0-dcba-11ec-a84c-f5e70ec7ef9f
Content-Length: 0
To: jiqimao <sip:jiqimao@hebeiyidong.3gpp.net>
From: jiqimao <sip:18996193430@chongqingdianxin.3gpp.net>;branch=a4787bf1-dcba-11ec-a84c-f5e70ec7ef9f
Call-ID: a7948900-dcba-11ec-a84c-f5e70ec7ef9f
CSeq: 2 REGISTER
P-Access-Network-Info: 100231511300032

[0m
[1;36m2022-05-26 14:11:18 [INFO] [/controller/pcscf.go:69] [P-CSCF] Receive From PGW: 
REGISTER sip:18996193430@chongqingdianxin.3gpp.net SIP/2.0
Via: SIP/2.0/UDP 18996193430@chongqingdianxin.3gpp.net;branch=a4787bf0-dcba-11ec-a84c-f5e70ec7ef9f
Content-Length: 0
To: jiqimao <sip:jiqimao@hebeiyidong.3gpp.net>
From: jiqimao <sip:18996193430@chongqingdianxin.3gpp.net>;branch=a4787bf1-dcba-11ec-a84c-f5e70ec7ef9f
Call-ID: a7948900-dcba-11ec-a84c-f5e70ec7ef9f
CSeq: 2 REGISTER
P-Access-Network-Info: 100231511300032

[0m
[1;36m2022-05-26 14:11:18 [INFO] [/controller/pgw.go:69] 心跳addr:100231511300031[0m
[1;36m2022-05-26 14:11:18 [INFO] [/controller/icscf.go:82] [I-CSCF] Receive From P-CSCF: 
REGISTER sip:18996193430@chongqingdianxin.3gpp.net SIP/2.0
Via: SIP/2.0/UDP p-cscf.chongqingdianxin.3gpp.net:44321;branch=a4787bf0-dcba-11ec-a84c-f5e70ec7ef9f
Via: SIP/2.0/UDP 18996193430@chongqingdianxin.3gpp.net;branch=a4787bf0-dcba-11ec-a84c-f5e70ec7ef9f
Max-Forwards: 0
From: "jiqimao"<sip:18996193430@chongqingdianxin.3gpp.net>;branch=a4787bf1-dcba-11ec-a84c-f5e70ec7ef9f
To: "jiqimao"<sip:jiqimao@hebeiyidong.3gpp.net>
Call-ID: a7948900-dcba-11ec-a84c-f5e70ec7ef9f
CSeq: 2 REGISTER
Content-Length: 0
Authorization: Digest username=18996193430@chongqingdianxin.3gpp.net integrity protection:no
P-Access-Network-Info: 100231511300032

[0m
[1;36m2022-05-26 14:11:18 [INFO] [/controller/hss.go:66] [HSS] Receive From I-CSCF: 
UserName=18996193430[0m
[1;36m2022-05-26 14:11:18 [INFO] [/controller/icscf.go:137] [I-CSCF] Receive From HSS: 
S-CSCF=127.0.0.1:44323
UserName=18996193430[0m
[1;36m2022-05-26 14:11:18 [INFO] [/controller/scscf.go:81] [S-CSCF] Receive From I-CSCF: 
REGISTER sip:18996193430@chongqingdianxin.3gpp.net SIP/2.0
Via: SIP/2.0/UDP i-cscf.chongqingdianxin.3gpp.net:44322;branch=a4787bf0-dcba-11ec-a84c-f5e70ec7ef9f
Via: SIP/2.0/UDP p-cscf.chongqingdianxin.3gpp.net:44321;branch=a4787bf0-dcba-11ec-a84c-f5e70ec7ef9f
Via: SIP/2.0/UDP 18996193430@chongqingdianxin.3gpp.net;branch=a4787bf0-dcba-11ec-a84c-f5e70ec7ef9f
Max-Forwards: 0
From: "jiqimao"<sip:18996193430@chongqingdianxin.3gpp.net>;branch=a4787bf1-dcba-11ec-a84c-f5e70ec7ef9f
To: "jiqimao"<sip:jiqimao@hebeiyidong.3gpp.net>
Call-ID: a7948900-dcba-11ec-a84c-f5e70ec7ef9f
CSeq: 2 REGISTER
Content-Length: 0
Authorization: Digest username=18996193430@chongqingdianxin.3gpp.net integrity protection:no
P-Access-Network-Info: 100231511300032

[0m
[1;36m2022-05-26 14:11:18 [INFO] [/controller/hss.go:94] [HSS] Receive From S-CSCF: 
UserName=18996193430[0m
2022/05/26 14:11:18 RootK=123456789A123456789A123456789ABC, Opc=123456789A123456789A123456789ABC, AMF=0x00 0x00, SQN=0000000000000001, RAND=585a302e564d394d382d2f516d0b5047, MAC=1778cbe28678e415, XRES=47323d9a4fdb0c28, CK=2ecc3e772dc3, IK=c600a1880f8d566a563f1d8bcb0d3e93, AK=159b557db0f153cd01157c0fb085680e, SQN^AK=[0 0 46 204 62 119 45 194]
[1;36m2022-05-26 14:11:18 [INFO] [/controller/scscf.go:217] [S-CSCF] Receive From HSS: 
UserName=18996193430
AUTN=00002ecc3e772dc200001778cbe28678e415
XRES=47323d9a4fdb0c28
RAND=585a302e564d394d382d2f516d0b5047
CK=c600a1880f8d566a563f1d8bcb0d3e93
IK=159b557db0f153cd01157c0fb085680e[0m
[1;33m2022-05-26 14:11:18 [WARN] [/sip/via_list.go:74] via: SIP/2.0/UDP i-cscf.chongqingdianxin.3gpp.net:44322;branch=a4787bf0-dcba-11ec-a84c-f5e70ec7ef9f, firt: i-cscf.chongqingdianxin.3gpp.net:44322, server: s-cscf.chongqingdianxin.3gpp.net:44323[0m
[1;36m2022-05-26 14:11:18 [INFO] [/controller/scscf.go:261] [S-CSCF] MAA响应: SIP/2.0 401 Unauthorized
Via: SIP/2.0/UDP i-cscf.chongqingdianxin.3gpp.net:44322;branch=a4787bf0-dcba-11ec-a84c-f5e70ec7ef9f
Via: SIP/2.0/UDP p-cscf.chongqingdianxin.3gpp.net:44321;branch=a4787bf0-dcba-11ec-a84c-f5e70ec7ef9f
Via: SIP/2.0/UDP 18996193430@chongqingdianxin.3gpp.net;branch=a4787bf0-dcba-11ec-a84c-f5e70ec7ef9f
Max-Forwards: 0
From: "jiqimao"<sip:18996193430@chongqingdianxin.3gpp.net>;branch=a4787bf1-dcba-11ec-a84c-f5e70ec7ef9f
To: "jiqimao"<sip:jiqimao@hebeiyidong.3gpp.net>
Call-ID: a7948900-dcba-11ec-a84c-f5e70ec7ef9f
CSeq: 2 REGISTER
Content-Length: 0
WWW-Authenticate: Digest realm=hebeiyidomg.3gpp.net nonce=WFowLlZNOU04LS9RbQtQRwAALsw+dy3CAAAXeMvihnjkFQ== qop=auth-int algorithm=AKAv1-MD5
P-Access-Network-Info: 100231511300032

[0m
[1;33m2022-05-26 14:11:18 [WARN] [/sip/via_list.go:74] via: SIP/2.0/UDP i-cscf.chongqingdianxin.3gpp.net:44322;branch=a4787bf0-dcba-11ec-a84c-f5e70ec7ef9f, firt: i-cscf.chongqingdianxin.3gpp.net:44322, server: p-cscf.chongqingdianxin.3gpp.net:44321[0m
[1;36m2022-05-26 14:11:18 [INFO] [/controller/pcscf.go:138] [P-CSCF][p-cscf.chongqingdianxin.3gpp.net] Receive From SCSCF: 
SIP/2.0 401 Unauthorized
Via: SIP/2.0/UDP i-cscf.chongqingdianxin.3gpp.net:44322;branch=a4787bf0-dcba-11ec-a84c-f5e70ec7ef9f
Via: SIP/2.0/UDP p-cscf.chongqingdianxin.3gpp.net:44321;branch=a4787bf0-dcba-11ec-a84c-f5e70ec7ef9f
Via: SIP/2.0/UDP 18996193430@chongqingdianxin.3gpp.net;branch=a4787bf0-dcba-11ec-a84c-f5e70ec7ef9f
Max-Forwards: 0
From: "jiqimao"<sip:18996193430@chongqingdianxin.3gpp.net>;branch=a4787bf1-dcba-11ec-a84c-f5e70ec7ef9f
To: "jiqimao"<sip:jiqimao@hebeiyidong.3gpp.net>
Call-ID: a7948900-dcba-11ec-a84c-f5e70ec7ef9f
CSeq: 2 REGISTER
Content-Length: 0
WWW-Authenticate: Digest realm=hebeiyidomg.3gpp.net nonce=WFowLlZNOU04LS9RbQtQRwAALsw+dy3CAAAXeMvihnjkFQ== qop=auth-int algorithm=AKAv1-MD5
P-Access-Network-Info: 100231511300032

[0m
[1;36m2022-05-26 14:11:18 [INFO] [/controller/pgw.go:145] 接入点 100231511300032[0m
[1;36m2022-05-26 14:11:18 [INFO] [/controller/pgw.go:150] [PGW] Receive From P-CSCF: 
SIP/2.0 401 Unauthorized
Via: SIP/2.0/UDP i-cscf.chongqingdianxin.3gpp.net:44322;branch=a4787bf0-dcba-11ec-a84c-f5e70ec7ef9f
Via: SIP/2.0/UDP p-cscf.chongqingdianxin.3gpp.net:44321;branch=a4787bf0-dcba-11ec-a84c-f5e70ec7ef9f
Via: SIP/2.0/UDP 18996193430@chongqingdianxin.3gpp.net;branch=a4787bf0-dcba-11ec-a84c-f5e70ec7ef9f
Max-Forwards: 0
From: "jiqimao"<sip:18996193430@chongqingdianxin.3gpp.net>;branch=a4787bf1-dcba-11ec-a84c-f5e70ec7ef9f
To: "jiqimao"<sip:jiqimao@hebeiyidong.3gpp.net>
Call-ID: a7948900-dcba-11ec-a84c-f5e70ec7ef9f
CSeq: 2 REGISTER
Content-Length: 0
WWW-Authenticate: Digest realm=hebeiyidomg.3gpp.net nonce=WFowLlZNOU04LS9RbQtQRwAALsw+dy3CAAAXeMvihnjkFQ== qop=auth-int algorithm=AKAv1-MD5
P-Access-Network-Info: 100231511300032

[0m
[1;36m2022-05-26 14:11:18 [INFO] [/controller/pgw.go:118] 接入点 100231511300032[0m
[1;36m2022-05-26 14:11:18 [INFO] [/controller/pgw.go:121] addr:100231511300032 125.86.165.112:4476 125.86.165.112:4476[0m
[1;36m2022-05-26 14:11:18 [INFO] [/controller/pgw.go:129] [PGW] Receive From eNodeB: 
REGISTER sip:18996193430@chongqingdianxin.3gpp.net SIP/2.0
Via: SIP/2.0/UDP 18996193430@chongqingdianxin.3gpp.net;branch=a4787bf0-dcba-11ec-a84c-f5e70ec7ef9f
Content-Length: 0
To: jiqimao <sip:jiqimao@hebeiyidong.3gpp.net>
From: jiqimao <sip:18996193430@chongqingdianxin.3gpp.net>;branch=a4787bf1-dcba-11ec-a84c-f5e70ec7ef9f
Call-ID: a7a15a40-dcba-11ec-a84c-f5e70ec7ef9f
CSeq: 3 REGISTER
P-Access-Network-Info: 100231511300032
Method: REGISTER
Authorization: Digest username=ng40user11,realm=apn.sip.voice.ng4t.com,nonce=WFowLlZNOU04LS9RbQtQRwAALsw+dy3CAAAXeMvihnjkFQ==,uri=sip:apn.sip.voice.ng4t.com,qop=auth-int,response=RzI9mk/bDCg=,algorithm=AKAv1-MD5

[0m
[1;36m2022-05-26 14:11:18 [INFO] [/controller/pcscf.go:69] [P-CSCF] Receive From PGW: 
REGISTER sip:18996193430@chongqingdianxin.3gpp.net SIP/2.0
Via: SIP/2.0/UDP 18996193430@chongqingdianxin.3gpp.net;branch=a4787bf0-dcba-11ec-a84c-f5e70ec7ef9f
Content-Length: 0
To: jiqimao <sip:jiqimao@hebeiyidong.3gpp.net>
From: jiqimao <sip:18996193430@chongqingdianxin.3gpp.net>;branch=a4787bf1-dcba-11ec-a84c-f5e70ec7ef9f
Call-ID: a7a15a40-dcba-11ec-a84c-f5e70ec7ef9f
CSeq: 3 REGISTER
P-Access-Network-Info: 100231511300032
Method: REGISTER
Authorization: Digest username=ng40user11,realm=apn.sip.voice.ng4t.com,nonce=WFowLlZNOU04LS9RbQtQRwAALsw+dy3CAAAXeMvihnjkFQ==,uri=sip:apn.sip.voice.ng4t.com,qop=auth-int,response=RzI9mk/bDCg=,algorithm=AKAv1-MD5

[0m
[1;36m2022-05-26 14:11:18 [INFO] [/controller/icscf.go:82] [I-CSCF] Receive From P-CSCF: 
REGISTER sip:18996193430@chongqingdianxin.3gpp.net SIP/2.0
Via: SIP/2.0/UDP p-cscf.chongqingdianxin.3gpp.net:44321;branch=a4787bf0-dcba-11ec-a84c-f5e70ec7ef9f
Via: SIP/2.0/UDP 18996193430@chongqingdianxin.3gpp.net;branch=a4787bf0-dcba-11ec-a84c-f5e70ec7ef9f
Max-Forwards: 0
From: "jiqimao"<sip:18996193430@chongqingdianxin.3gpp.net>;branch=a4787bf1-dcba-11ec-a84c-f5e70ec7ef9f
To: "jiqimao"<sip:jiqimao@hebeiyidong.3gpp.net>
Call-ID: a7a15a40-dcba-11ec-a84c-f5e70ec7ef9f
CSeq: 3 REGISTER
Content-Length: 0
Authorization: Digest username=ng40user11,realm=apn.sip.voice.ng4t.com,nonce=WFowLlZNOU04LS9RbQtQRwAALsw+dy3CAAAXeMvihnjkFQ==,uri=sip:apn.sip.voice.ng4t.com,qop=auth-int,response=RzI9mk/bDCg=,algorithm=AKAv1-MD5
P-Access-Network-Info: 100231511300032
Method: REGISTER

[0m
[1;36m2022-05-26 14:11:18 [INFO] [/controller/hss.go:66] [HSS] Receive From I-CSCF: 
UserName=18996193430[0m
[1;36m2022-05-26 14:11:18 [INFO] [/controller/icscf.go:137] [I-CSCF] Receive From HSS: 
UserName=18996193430
S-CSCF=127.0.0.1:44323[0m
[1;36m2022-05-26 14:11:18 [INFO] [/controller/scscf.go:81] [S-CSCF] Receive From I-CSCF: 
REGISTER sip:18996193430@chongqingdianxin.3gpp.net SIP/2.0
Via: SIP/2.0/UDP i-cscf.chongqingdianxin.3gpp.net:44322;branch=a4787bf0-dcba-11ec-a84c-f5e70ec7ef9f
Via: SIP/2.0/UDP p-cscf.chongqingdianxin.3gpp.net:44321;branch=a4787bf0-dcba-11ec-a84c-f5e70ec7ef9f
Via: SIP/2.0/UDP 18996193430@chongqingdianxin.3gpp.net;branch=a4787bf0-dcba-11ec-a84c-f5e70ec7ef9f
Max-Forwards: 0
From: "jiqimao"<sip:18996193430@chongqingdianxin.3gpp.net>;branch=a4787bf1-dcba-11ec-a84c-f5e70ec7ef9f
To: "jiqimao"<sip:jiqimao@hebeiyidong.3gpp.net>
Call-ID: a7a15a40-dcba-11ec-a84c-f5e70ec7ef9f
CSeq: 3 REGISTER
Content-Length: 0
Authorization: Digest username=ng40user11,realm=apn.sip.voice.ng4t.com,nonce=WFowLlZNOU04LS9RbQtQRwAALsw+dy3CAAAXeMvihnjkFQ==,uri=sip:apn.sip.voice.ng4t.com,qop=auth-int,response=RzI9mk/bDCg=,algorithm=AKAv1-MD5
P-Access-Network-Info: 100231511300032
Method: REGISTER

[0m
[1;33m2022-05-26 14:11:18 [WARN] [/controller/scscf.go:268] Authorization := username=ng40user11,realm=apn.sip.voice.ng4t.com,nonce=WFowLlZNOU04LS9RbQtQRwAALsw+dy3CAAAXeMvihnjkFQ==,uri=sip:apn.sip.voice.ng4t.com,qop=auth-int,response=RzI9mk/bDCg=,algorithm=AKAv1-MD5[0m
[1;33m2022-05-26 14:11:18 [WARN] [/controller/scscf.go:103] [S-CSCF] XRES: 47323d9a4fdb0c28, RES: 47323d9a4fdb0c28(byte: 47323d9a4fdb0c28)[0m
[1;36m2022-05-26 14:11:18 [INFO] [/controller/scscf.go:112] [S-CSCF] s-cscf.chongqingdianxin.3gpp.net:44323注册成功, &{chongqingdianxin.3gpp.net 100231511300032}[0m
[1;33m2022-05-26 14:11:18 [WARN] [/sip/via_list.go:74] via: SIP/2.0/UDP i-cscf.chongqingdianxin.3gpp.net:44322;branch=a4787bf0-dcba-11ec-a84c-f5e70ec7ef9f, firt: i-cscf.chongqingdianxin.3gpp.net:44322, server: i-cscf.chongqingdianxin.3gpp.net:44322[0m
[1;36m2022-05-26 14:11:18 [INFO] [/controller/icscf.go:126] [I-CSCF][i-cscf.chongqingdianxin.3gpp.net] Receive From SCSCF: 
SIP/2.0 200 OK
Via: SIP/2.0/UDP i-cscf.chongqingdianxin.3gpp.net:44322;branch=a4787bf0-dcba-11ec-a84c-f5e70ec7ef9f
Via: SIP/2.0/UDP p-cscf.chongqingdianxin.3gpp.net:44321;branch=a4787bf0-dcba-11ec-a84c-f5e70ec7ef9f
Via: SIP/2.0/UDP 18996193430@chongqingdianxin.3gpp.net;branch=a4787bf0-dcba-11ec-a84c-f5e70ec7ef9f
Max-Forwards: 0
From: "jiqimao"<sip:18996193430@chongqingdianxin.3gpp.net>;branch=a4787bf1-dcba-11ec-a84c-f5e70ec7ef9f
To: "jiqimao"<sip:jiqimao@hebeiyidong.3gpp.net>
Call-ID: a7a15a40-dcba-11ec-a84c-f5e70ec7ef9f
CSeq: 3 REGISTER
Content-Length: 0
P-Access-Network-Info: 100231511300032
Service-Route: 10.0.2.23:5055

[0m
[1;33m2022-05-26 14:11:18 [WARN] [/sip/via_list.go:74] via: SIP/2.0/UDP p-cscf.chongqingdianxin.3gpp.net:44321;branch=a4787bf0-dcba-11ec-a84c-f5e70ec7ef9f, firt: p-cscf.chongqingdianxin.3gpp.net:44321, server: p-cscf.chongqingdianxin.3gpp.net:44321[0m
[1;36m2022-05-26 14:11:18 [INFO] [/controller/pcscf.go:138] [P-CSCF][p-cscf.chongqingdianxin.3gpp.net] Receive From SCSCF: 
SIP/2.0 200 OK
Via: SIP/2.0/UDP p-cscf.chongqingdianxin.3gpp.net:44321;branch=a4787bf0-dcba-11ec-a84c-f5e70ec7ef9f
Via: SIP/2.0/UDP 18996193430@chongqingdianxin.3gpp.net;branch=a4787bf0-dcba-11ec-a84c-f5e70ec7ef9f
Max-Forwards: 0
From: "jiqimao"<sip:18996193430@chongqingdianxin.3gpp.net>;branch=a4787bf1-dcba-11ec-a84c-f5e70ec7ef9f
To: "jiqimao"<sip:jiqimao@hebeiyidong.3gpp.net>
Call-ID: a7a15a40-dcba-11ec-a84c-f5e70ec7ef9f
CSeq: 3 REGISTER
Content-Length: 0
P-Access-Network-Info: 100231511300032
Service-Route: 10.0.2.23:5055

[0m
[1;36m2022-05-26 14:11:18 [INFO] [/controller/pgw.go:145] 接入点 100231511300032[0m
[1;36m2022-05-26 14:11:18 [INFO] [/controller/pgw.go:150] [PGW] Receive From P-CSCF: 
SIP/2.0 200 OK
Via: SIP/2.0/UDP 18996193430@chongqingdianxin.3gpp.net;branch=a4787bf0-dcba-11ec-a84c-f5e70ec7ef9f
Max-Forwards: 0
From: "jiqimao"<sip:18996193430@chongqingdianxin.3gpp.net>;branch=a4787bf1-dcba-11ec-a84c-f5e70ec7ef9f
To: "jiqimao"<sip:jiqimao@hebeiyidong.3gpp.net>
Call-ID: a7a15a40-dcba-11ec-a84c-f5e70ec7ef9f
CSeq: 3 REGISTER
Content-Length: 0
P-Access-Network-Info: 100231511300032
Service-Route: 10.0.2.23:5055

[0m
[1;36m2022-05-26 14:11:26 [INFO] [/controller/pgw.go:69] 心跳addr:100231511300032[0m
[1;36m2022-05-26 14:11:28 [INFO] [/controller/pgw.go:69] 心跳addr:100231511300031[0m
[1;36m2022-05-26 14:11:28 [INFO] [/controller/pgw.go:118] 接入点 100231511300032[0m
[1;36m2022-05-26 14:11:28 [INFO] [/controller/pgw.go:121] addr:100231511300032 125.86.165.112:4476 125.86.165.112:4476[0m
[1;36m2022-05-26 14:11:28 [INFO] [/controller/pgw.go:129] [PGW] Receive From eNodeB: 
INVITE sip:15076329742@hebeiyidong.3gpp.net SIP/2.0
Via: SIP/2.0/UDP 18996193430@chongqingdianxin.3gpp.net;branch=a4787bf0-dcba-11ec-a84c-f5e70ec7ef9f
Content-Length: 0
To:  <sip:15076329742@hebeiyidong.3gpp.net>
From: jiqimao <sip:18996193430@chongqingdianxin.3gpp.net>;branch=a4787bf1-dcba-11ec-a84c-f5e70ec7ef9f
Call-ID: ae1fcc30-dcba-11ec-a84c-f5e70ec7ef9f
CSeq: 4 INVITE
P-Access-Network-Info: 100231511300032
Contact:  <sip:jiqimao@10.17.129.37:33333>
Service-Route: 10.0.2.23:5055

[0m
[1;36m2022-05-26 14:11:28 [INFO] [/controller/pcscf.go:99] [P-CSCF][p-cscf.chongqingdianxin.3gpp.net] Receive From PGW: 
INVITE sip:15076329742@hebeiyidong.3gpp.net SIP/2.0
Via: SIP/2.0/UDP 18996193430@chongqingdianxin.3gpp.net;branch=a4787bf0-dcba-11ec-a84c-f5e70ec7ef9f
Content-Length: 0
To:  <sip:15076329742@hebeiyidong.3gpp.net>
From: jiqimao <sip:18996193430@chongqingdianxin.3gpp.net>;branch=a4787bf1-dcba-11ec-a84c-f5e70ec7ef9f
Call-ID: ae1fcc30-dcba-11ec-a84c-f5e70ec7ef9f
CSeq: 4 INVITE
P-Access-Network-Info: 100231511300032
Contact:  <sip:jiqimao@10.17.129.37:33333>
Service-Route: 10.0.2.23:5055

[0m
[1;36m2022-05-26 14:11:28 [INFO] [/controller/scscf.go:146] [S-CSCF][s-cscf.chongqingdianxin.3gpp.net] Receive From P-CSCF: 
INVITE sip:15076329742@hebeiyidong.3gpp.net SIP/2.0
Via: SIP/2.0/UDP p-cscf.chongqingdianxin.3gpp.net:44321;branch=a4787bf0-dcba-11ec-a84c-f5e70ec7ef9f
Via: SIP/2.0/UDP 18996193430@chongqingdianxin.3gpp.net;branch=a4787bf0-dcba-11ec-a84c-f5e70ec7ef9f
Max-Forwards: 0
From: "jiqimao"<sip:18996193430@chongqingdianxin.3gpp.net>;branch=a4787bf1-dcba-11ec-a84c-f5e70ec7ef9f
To: <sip:15076329742@hebeiyidong.3gpp.net>
Call-ID: ae1fcc30-dcba-11ec-a84c-f5e70ec7ef9f
CSeq: 4 INVITE
Content-Length: 0
Contact: <sip:jiqimao@10.17.129.37:33333>
P-Access-Network-Info: 100231511300032
Service-Route: 10.0.2.23:5055

[0m
[1;33m2022-05-26 14:11:28 [WARN] [/controller/scscf.go:151] caller: &{chongqingdianxin.3gpp.net 100231511300032}, callee domain: hebeiyidong.3gpp.net[0m
[1;33m2022-05-26 14:11:28 [WARN] [/controller/scscf.go:160] caller domain: chongqingdianxin.3gpp.net, request domain: hebeiyidong.3gpp.net[0m
[1;31m2022-05-26 14:11:28 [EROR] [/modules/common.go:17] [S-CSCF] 程序异常Panic runtime error: invalid memory address or nil pointer dereference[0m
[1;31m2022-05-26 14:11:28 [EROR] [/modules/common.go:20] 程序堆栈信息 goroutine 9 [running]:
github.com/VegetableManII/volte/modules.Recover({0x89c6a0, 0xc000177da0})
	/root/volte/modules/common.go:19 +0xed
panic({0x7b6620, 0xaf75e0})
	/usr/local/go/src/runtime/panic.go:1038 +0x215
github.com/VegetableManII/volte/controller.(*S_CscfEntity).SIPREQUESTF(0xc000177d10, {0x89c6a0, 0xc000177da0}, 0xc00024e000, 0xc00016fbc0, 0xc0001ffebe)
	/root/volte/controller/scscf.go:168 +0xbb2
github.com/VegetableManII/volte/controller.(*S_CscfEntity).CoreProcessor(0xc000177d10, {0x89c6a0, 0xc000177da0}, 0xc00016fc20, 0x0, 0x0)
	/root/volte/controller/scscf.go:55 +0x183
created by main.main
	/root/volte/entity/s-cscf/main.go:36 +0x20f
[0m
[1;36m2022-05-26 14:11:28 [INFO] [/controller/pgw.go:145] 接入点 100231511300032[0m
[1;36m2022-05-26 14:11:28 [INFO] [/controller/pgw.go:150] [PGW] Receive From P-CSCF: 
SIP/2.0 100 Trying
Via: SIP/2.0/UDP 18996193430@chongqingdianxin.3gpp.net;branch=a4787bf0-dcba-11ec-a84c-f5e70ec7ef9f
Max-Forwards: 0
From: "jiqimao"<sip:18996193430@chongqingdianxin.3gpp.net>;branch=a4787bf1-dcba-11ec-a84c-f5e70ec7ef9f
To: <sip:15076329742@hebeiyidong.3gpp.net>
Call-ID: ae1fcc30-dcba-11ec-a84c-f5e70ec7ef9f
CSeq: 4 INVITE
Content-Length: 0
Contact: <sip:jiqimao@10.17.129.37:33333>
P-Access-Network-Info: 100231511300032
Service-Route: 10.0.2.23:5055

[0m
[1;36m2022-05-26 14:11:36 [INFO] [/controller/pgw.go:69] 心跳addr:100231511300032[0m
[1;36m2022-05-26 14:11:38 [INFO] [/controller/pgw.go:69] 心跳addr:100231511300031[0m
[1;36m2022-05-26 14:11:46 [INFO] [/controller/pgw.go:69] 心跳addr:100231511300032[0m
[1;36m2022-05-26 14:11:48 [INFO] [/controller/pgw.go:69] 心跳addr:100231511300031[0m
[1;36m2022-05-26 14:11:56 [INFO] [/controller/pgw.go:69] 心跳addr:100231511300032[0m
[1;36m2022-05-26 14:11:58 [INFO] [/controller/pgw.go:69] 心跳addr:100231511300031[0m
[1;36m2022-05-26 14:12:06 [INFO] [/controller/pgw.go:69] 心跳addr:100231511300032[0m
[1;36m2022-05-26 14:12:08 [INFO] [/controller/pgw.go:69] 心跳addr:100231511300031[0m
[1;36m2022-05-26 14:12:16 [INFO] [/controller/pgw.go:69] 心跳addr:100231511300032[0m
[1;36m2022-05-26 14:12:18 [INFO] [/controller/pgw.go:69] 心跳addr:100231511300031[0m
[1;36m2022-05-26 14:12:26 [INFO] [/controller/pgw.go:69] 心跳addr:100231511300032[0m
[1;36m2022-05-26 14:12:28 [INFO] [/controller/pgw.go:69] 心跳addr:100231511300031[0m
[1;36m2022-05-26 14:12:36 [INFO] [/controller/pgw.go:69] 心跳addr:100231511300032[0m
[1;36m2022-05-26 14:12:38 [INFO] [/controller/pgw.go:69] 心跳addr:100231511300031[0m
[1;36m2022-05-26 14:12:46 [INFO] [/controller/pgw.go:69] 心跳addr:100231511300032[0m
[1;36m2022-05-26 14:12:48 [INFO] [/controller/pgw.go:69] 心跳addr:100231511300031[0m
[1;36m2022-05-26 14:12:56 [INFO] [/controller/pgw.go:69] 心跳addr:100231511300032[0m
[1;36m2022-05-26 14:12:58 [INFO] [/controller/pgw.go:69] 心跳addr:100231511300031[0m
[1;36m2022-05-26 14:13:06 [INFO] [/controller/pgw.go:69] 心跳addr:100231511300032[0m
[1;36m2022-05-26 14:13:08 [INFO] [/controller/pgw.go:69] 心跳addr:100231511300031[0m
[1;36m2022-05-26 14:13:16 [INFO] [/controller/pgw.go:69] 心跳addr:100231511300032[0m
[1;36m2022-05-26 14:13:18 [INFO] [/controller/pgw.go:69] 心跳addr:100231511300031[0m
[1;36m2022-05-26 14:13:26 [INFO] [/controller/pgw.go:69] 心跳addr:100231511300032[0m
[1;36m2022-05-26 14:13:28 [INFO] [/controller/pgw.go:69] 心跳addr:100231511300031[0m
[1;36m2022-05-26 14:13:36 [INFO] [/controller/pgw.go:69] 心跳addr:100231511300032[0m
[1;36m2022-05-26 14:13:38 [INFO] [/controller/pgw.go:69] 心跳addr:100231511300031[0m
[1;36m2022-05-26 14:13:47 [INFO] [/controller/pgw.go:69] 心跳addr:100231511300032[0m
[1;36m2022-05-26 14:13:48 [INFO] [/controller/pgw.go:69] 心跳addr:100231511300031[0m
[1;36m2022-05-26 14:13:57 [INFO] [/controller/pgw.go:69] 心跳addr:100231511300032[0m
[1;36m2022-05-26 14:13:58 [INFO] [/controller/pgw.go:69] 心跳addr:100231511300031[0m
[1;36m2022-05-26 14:14:07 [INFO] [/controller/pgw.go:69] 心跳addr:100231511300032[0m
[1;36m2022-05-26 14:14:08 [INFO] [/controller/pgw.go:69] 心跳addr:100231511300031[0m
[1;36m2022-05-26 14:14:17 [INFO] [/controller/pgw.go:69] 心跳addr:100231511300032[0m
[1;36m2022-05-26 14:14:18 [INFO] [/controller/pgw.go:69] 心跳addr:100231511300031[0m
[1;36m2022-05-26 14:14:27 [INFO] [/controller/pgw.go:69] 心跳addr:100231511300032[0m
[1;36m2022-05-26 14:14:28 [INFO] [/controller/pgw.go:69] 心跳addr:100231511300031[0m
[1;36m2022-05-26 14:14:37 [INFO] [/controller/pgw.go:69] 心跳addr:100231511300032[0m
